<?xml version="1.0" encoding="UTF-8"?>
<!-- Generated by org.testng.reporters.JUnitReportReporter -->
<testsuite skipped="0" hostname="LAPTOP-QN4VMSOD" name="NewTest" tests="1" failures="0" timestamp="2020-05-01T14:42:42 IST" time="0.015" errors="0">
  <testcase name="f" time="0.015" classname="NewTest"/>
  <system-out/>
</testsuite> <!-- NewTest -->
