<?xml version="1.0" encoding="UTF-8"?>
<!-- Generated by org.testng.reporters.JUnitReportReporter -->
<testsuite skipped="0" hostname="LAPTOP-QN4VMSOD" name="tests.LaunchTest" tests="1" failures="0" timestamp="2020-05-01T16:17:56 IST" time="0.521" errors="0">
  <testcase name="TC01" time="0.521" classname="tests.LaunchTest"/>
  <system-out/>
</testsuite> <!-- tests.LaunchTest -->
